<?xml version="1.0" encoding="UTF-8"?>
<!-- Generated by org.testng.reporters.JUnitXMLReporter -->
<testsuite ignored="0" hostname="DESKTOP-4QRLMTN" failures="0" tests="1" name="Test" time="0.186" errors="0" timestamp="2023-08-22T09:50:37 IST">
  <testcase classname="partice.Cross" name="@BeforeTest test" time="-1.692678037823E9">
    <failure type="org.testng.TestNGException" message="
Parameter &amp;apos;browser&amp;apos; is required by BeforeTest on method test but has not been marked @Optional or defined
in D:\javaprojects\seleniumcore\testng.xml">
      <![CDATA[org.testng.TestNGException: 
Parameter 'browser' is required by BeforeTest on method test but has not been marked @Optional or defined
in D:\javaprojects\seleniumcore\testng.xml
at java.base/java.util.concurrent.FutureTask.run(FutureTask.java:317)
at java.base/java.util.concurrent.ThreadPoolExecutor.runWorker(ThreadPoolExecutor.java:1144)
at java.base/java.util.concurrent.ThreadPoolExecutor$Worker.run(ThreadPoolExecutor.java:642)
at java.base/java.lang.Thread.run(Thread.java:1623)
... Removed 11 stack frames]]>
    </failure>
  </testcase> <!-- @BeforeTest test -->
  <testcase classname="partice.Cross" name="testing" time="0.0">
    <skipped/>
  </testcase> <!-- testing -->
</testsuite> <!-- Test -->
